<?xml version="1.0" encoding="UTF-8"?>
<!-- Generated by org.testng.reporters.JUnitXMLReporter -->
<testsuite ignored="2" hostname="DESKTOP-HMLGV3R" failures="0" tests="1" name="Test_2(failed)" time="32.435" errors="0" timestamp="2024-08-04T11:55:24 IST">
  <testcase classname="com.comcast.crm.Org.anotation.CreateOrgnizationTest" name="createOrg" time="20.646"/>
  <testcase classname="com.comcast.crm.Org.anotation.CreateOrgnizationTest" name="CreateOrgTestwithIndustry" time="0.0">
    <ignored/>
  </testcase> <!-- CreateOrgTestwithIndustry -->
  <testcase classname="com.comcast.crm.Org.anotation.CreateOrgnizationTest" name="CreateOrgTestwithphonenum" time="0.0">
    <ignored/>
  </testcase> <!-- CreateOrgTestwithphonenum -->
</testsuite> <!-- Test_2(failed) -->
