<?xml version="1.0" encoding="UTF-8"?>
<!-- Generated by org.testng.reporters.JUnitXMLReporter -->
<testsuite ignored="0" hostname="DESKTOP-HMLGV3R" failures="0" tests="3" name="Test_2" time="119.912" errors="0" timestamp="2024-08-05T09:23:34 IST">
  <testcase classname="com.comcast.crm.Org.anotation.CreateOrgnizationTest" name="CreateOrgTestwithIndustry" time="52.218"/>
  <testcase classname="com.comcast.crm.Org.anotation.CreateOrgnizationTest" name="CreateOrgTestwithphonenum" time="0.006"/>
  <testcase classname="com.comcast.crm.Org.anotation.CreateOrgnizationTest" name="createOrg" time="19.324"/>
</testsuite> <!-- Test_2 -->
