<?xml version="1.0" encoding="UTF-8"?>
<!-- Generated by org.testng.reporters.JUnitXMLReporter -->
<testsuite ignored="0" hostname="DESKTOP-HMLGV3R" failures="0" tests="4" name="Test_1" time="159.932" errors="0" timestamp="2024-08-05T09:24:14 IST">
  <testcase classname="com.comcast.crm.contact.anotation.CreatecontactTest" name="CreateContactwithSupportDatewithpom" time="44.181"/>
  <testcase classname="com.comcast.crm.contact.anotation.CreatecontactTest" name="CreateContactwithorg" time="41.082"/>
  <testcase classname="com.comcast.crm.contact.anotation.CreatecontactTest" name="CreateContactwithphonenum" time="0.007"/>
  <testcase classname="com.comcast.crm.contact.anotation.CreatecontactTest" name="CreatecontactPageWithpomTest" time="15.749"/>
</testsuite> <!-- Test_1 -->
